<?xml version="1.0" encoding="UTF-8"?>
<coverage generated="1682950336207" clover="3.2.0">
  <project timestamp="1682950336207" name="All files">
    <metrics statements="107" coveredstatements="100" conditionals="44" coveredconditionals="31" methods="46" coveredmethods="41" elements="197" coveredelements="172" complexity="0" loc="107" ncloc="107" packages="9" files="37" classes="37"/>
    <package name="src">
      <metrics statements="5" coveredstatements="5" conditionals="2" coveredconditionals="2" methods="1" coveredmethods="1"/>
      <file name="ClientApp.tsx" path="C:/Users/Alisa/OneDrive/Desktop/SSR/React/y/src/ClientApp.tsx">
        <metrics statements="4" coveredstatements="4" conditionals="2" coveredconditionals="2" methods="0" coveredmethods="0"/>
        <line num="9" count="119" type="cond" truecount="1" falsecount="0"/>
        <line num="10" count="119" type="stmt"/>
        <line num="11" count="119" type="cond" truecount="1" falsecount="0"/>
        <line num="12" count="119" type="stmt"/>
      </file>
      <file name="ServerApp.tsx" path="C:/Users/Alisa/OneDrive/Desktop/SSR/React/y/src/ServerApp.tsx">
        <metrics statements="0" coveredstatements="0" conditionals="0" coveredconditionals="0" methods="0" coveredmethods="0"/>
      </file>
      <file name="routes.tsx" path="C:/Users/Alisa/OneDrive/Desktop/SSR/React/y/src/routes.tsx">
        <metrics statements="1" coveredstatements="1" conditionals="0" coveredconditionals="0" methods="1" coveredmethods="1"/>
        <line num="8" count="119" type="stmt"/>
      </file>
      <file name="vite-env.d.ts" path="C:/Users/Alisa/OneDrive/Desktop/SSR/React/y/src/vite-env.d.ts">
        <metrics statements="0" coveredstatements="0" conditionals="0" coveredconditionals="0" methods="0" coveredmethods="0"/>
      </file>
    </package>
    <package name="src.components">
      <metrics statements="14" coveredstatements="14" conditionals="3" coveredconditionals="3" methods="7" coveredmethods="7"/>
      <file name="Header.tsx" path="C:/Users/Alisa/OneDrive/Desktop/SSR/React/y/src/components/Header.tsx">
        <metrics statements="1" coveredstatements="1" conditionals="0" coveredconditionals="0" methods="1" coveredmethods="1"/>
        <line num="5" count="158" type="stmt"/>
      </file>
      <file name="Navbar.tsx" path="C:/Users/Alisa/OneDrive/Desktop/SSR/React/y/src/components/Navbar.tsx">
        <metrics statements="1" coveredstatements="1" conditionals="0" coveredconditionals="0" methods="1" coveredmethods="1"/>
        <line num="5" count="158" type="stmt"/>
      </file>
      <file name="SearchBar.tsx" path="C:/Users/Alisa/OneDrive/Desktop/SSR/React/y/src/components/SearchBar.tsx">
        <metrics statements="12" coveredstatements="12" conditionals="3" coveredconditionals="3" methods="5" coveredmethods="5"/>
        <line num="6" count="119" type="stmt"/>
        <line num="7" count="330" type="stmt"/>
        <line num="8" count="302" type="stmt"/>
        <line num="9" count="632" type="stmt"/>
        <line num="11" count="330" type="stmt"/>
        <line num="13" count="330" type="stmt"/>
        <line num="14" count="483" type="stmt"/>
        <line num="17" count="330" type="stmt"/>
        <line num="18" count="54" type="stmt"/>
        <line num="22" count="483" type="cond" truecount="1" falsecount="0"/>
        <line num="23" count="93" type="stmt"/>
        <line num="27" count="395" type="stmt"/>
      </file>
      <file name="apiFunctions.test.tsx" path="C:/Users/Alisa/OneDrive/Desktop/SSR/React/y/src/components/apiFunctions.test.tsx">
        <metrics statements="0" coveredstatements="0" conditionals="0" coveredconditionals="0" methods="0" coveredmethods="0"/>
      </file>
      <file name="navBar.test.tsx" path="C:/Users/Alisa/OneDrive/Desktop/SSR/React/y/src/components/navBar.test.tsx">
        <metrics statements="0" coveredstatements="0" conditionals="0" coveredconditionals="0" methods="0" coveredmethods="0"/>
      </file>
    </package>
    <package name="src.components.cards">
      <metrics statements="17" coveredstatements="17" conditionals="13" coveredconditionals="10" methods="7" coveredmethods="6"/>
      <file name="Card.tsx" path="C:/Users/Alisa/OneDrive/Desktop/SSR/React/y/src/components/cards/Card.tsx">
        <metrics statements="8" coveredstatements="8" conditionals="5" coveredconditionals="3" methods="3" coveredmethods="2"/>
        <line num="7" count="881" type="stmt"/>
        <line num="8" count="881" type="stmt"/>
        <line num="10" count="853" type="stmt"/>
        <line num="11" count="28" type="stmt"/>
        <line num="14" count="881" type="stmt"/>
        <line num="15" count="28" type="cond" truecount="2" falsecount="1"/>
        <line num="16" count="28" type="stmt"/>
        <line num="19" count="881" type="stmt"/>
      </file>
      <file name="CardBtns.tsx" path="C:/Users/Alisa/OneDrive/Desktop/SSR/React/y/src/components/cards/CardBtns.tsx">
        <metrics statements="0" coveredstatements="0" conditionals="0" coveredconditionals="0" methods="0" coveredmethods="0"/>
      </file>
      <file name="CardImg.tsx" path="C:/Users/Alisa/OneDrive/Desktop/SSR/React/y/src/components/cards/CardImg.tsx">
        <metrics statements="2" coveredstatements="2" conditionals="2" coveredconditionals="1" methods="1" coveredmethods="1"/>
        <line num="5" count="894" type="stmt"/>
        <line num="6" count="894" type="stmt"/>
      </file>
      <file name="CardInfo.tsx" path="C:/Users/Alisa/OneDrive/Desktop/SSR/React/y/src/components/cards/CardInfo.tsx">
        <metrics statements="0" coveredstatements="0" conditionals="0" coveredconditionals="0" methods="0" coveredmethods="0"/>
      </file>
      <file name="CardList.tsx" path="C:/Users/Alisa/OneDrive/Desktop/SSR/React/y/src/components/cards/CardList.tsx">
        <metrics statements="7" coveredstatements="7" conditionals="6" coveredconditionals="6" methods="3" coveredmethods="3"/>
        <line num="8" count="330" type="stmt"/>
        <line num="9" count="632" type="stmt"/>
        <line num="11" count="302" type="stmt"/>
        <line num="12" count="330" type="cond" truecount="3" falsecount="0"/>
        <line num="13" count="96" type="cond" truecount="3" falsecount="0"/>
        <line num="15" count="83" type="stmt"/>
        <line num="18" count="881" type="stmt"/>
      </file>
      <file name="CardName.tsx" path="C:/Users/Alisa/OneDrive/Desktop/SSR/React/y/src/components/cards/CardName.tsx">
        <metrics statements="0" coveredstatements="0" conditionals="0" coveredconditionals="0" methods="0" coveredmethods="0"/>
      </file>
    </package>
    <package name="src.components.form">
      <metrics statements="35" coveredstatements="33" conditionals="20" coveredconditionals="15" methods="15" coveredmethods="15"/>
      <file name="FormCard.tsx" path="C:/Users/Alisa/OneDrive/Desktop/SSR/React/y/src/components/form/FormCard.tsx">
        <metrics statements="2" coveredstatements="2" conditionals="2" coveredconditionals="1" methods="1" coveredmethods="1"/>
        <line num="6" count="41" type="stmt"/>
        <line num="7" count="41" type="stmt"/>
      </file>
      <file name="FormCardList.tsx" path="C:/Users/Alisa/OneDrive/Desktop/SSR/React/y/src/components/form/FormCardList.tsx">
        <metrics statements="3" coveredstatements="3" conditionals="0" coveredconditionals="0" methods="2" coveredmethods="2"/>
        <line num="6" count="80" type="stmt"/>
        <line num="7" count="80" type="stmt"/>
        <line num="10" count="13" type="stmt"/>
      </file>
      <file name="FormComponentHook.tsx" path="C:/Users/Alisa/OneDrive/Desktop/SSR/React/y/src/components/form/FormComponentHook.tsx">
        <metrics statements="14" coveredstatements="14" conditionals="14" coveredconditionals="14" methods="8" coveredmethods="8"/>
        <line num="14" count="106" type="stmt"/>
        <line num="15" count="106" type="stmt"/>
        <line num="21" count="78" type="stmt"/>
        <line num="24" count="41" type="stmt"/>
        <line num="36" count="41" type="stmt"/>
        <line num="37" count="41" type="stmt"/>
        <line num="38" count="41" type="stmt"/>
        <line num="39" count="28" type="stmt"/>
        <line num="41" count="41" type="stmt"/>
        <line num="44" count="102" type="stmt"/>
        <line num="51" count="37" type="stmt"/>
        <line num="67" count="37" type="stmt"/>
        <line num="80" count="50" type="stmt"/>
        <line num="99" count="17" type="stmt"/>
      </file>
      <file name="formCard.test.tsx" path="C:/Users/Alisa/OneDrive/Desktop/SSR/React/y/src/components/form/formCard.test.tsx">
        <metrics statements="0" coveredstatements="0" conditionals="0" coveredconditionals="0" methods="0" coveredmethods="0"/>
      </file>
      <file name="formCardList.test.tsx" path="C:/Users/Alisa/OneDrive/Desktop/SSR/React/y/src/components/form/formCardList.test.tsx">
        <metrics statements="0" coveredstatements="0" conditionals="0" coveredconditionals="0" methods="0" coveredmethods="0"/>
      </file>
      <file name="formComponentHook.test.tsx" path="C:/Users/Alisa/OneDrive/Desktop/SSR/React/y/src/components/form/formComponentHook.test.tsx">
        <metrics statements="0" coveredstatements="0" conditionals="0" coveredconditionals="0" methods="0" coveredmethods="0"/>
      </file>
      <file name="validationFunctions.test.tsx" path="C:/Users/Alisa/OneDrive/Desktop/SSR/React/y/src/components/form/validationFunctions.test.tsx">
        <metrics statements="0" coveredstatements="0" conditionals="0" coveredconditionals="0" methods="0" coveredmethods="0"/>
      </file>
      <file name="validationFunctions.tsx" path="C:\Users\Alisa\OneDrive\Desktop\SSR\React\y\src\components\form\validationFunctions.tsx">
        <metrics statements="16" coveredstatements="14" conditionals="4" coveredconditionals="0" methods="4" coveredmethods="4"/>
        <line num="1" count="119" type="stmt"/>
        <line num="2" count="17" type="cond" truecount="0" falsecount="2"/>
        <line num="3" count="0" type="stmt"/>
        <line num="5" count="17" type="stmt"/>
        <line num="6" count="17" type="stmt"/>
        <line num="9" count="119" type="stmt"/>
        <line num="10" count="17" type="cond" truecount="0" falsecount="2"/>
        <line num="11" count="0" type="stmt"/>
        <line num="13" count="17" type="stmt"/>
        <line num="14" count="17" type="stmt"/>
        <line num="19" count="17" type="stmt"/>
        <line num="20" count="17" type="stmt"/>
        <line num="23" count="119" type="stmt"/>
        <line num="24" count="34" type="stmt"/>
        <line num="27" count="119" type="stmt"/>
        <line num="28" count="17" type="stmt"/>
      </file>
    </package>
    <package name="src.components.modal">
      <metrics statements="14" coveredstatements="10" conditionals="6" coveredconditionals="1" methods="5" coveredmethods="2"/>
      <file name="Modal.tsx" path="C:/Users/Alisa/OneDrive/Desktop/SSR/React/y/src/components/modal/Modal.tsx">
        <metrics statements="3" coveredstatements="2" conditionals="0" coveredconditionals="0" methods="1" coveredmethods="1"/>
        <line num="4" count="119" type="stmt"/>
        <line num="5" count="28" type="stmt"/>
        <line num="6" count="0" type="stmt"/>
      </file>
      <file name="ModalCard.tsx" path="C:/Users/Alisa/OneDrive/Desktop/SSR/React/y/src/components/modal/ModalCard.tsx">
        <metrics statements="11" coveredstatements="8" conditionals="6" coveredconditionals="1" methods="4" coveredmethods="1"/>
        <line num="6" count="119" type="stmt"/>
        <line num="10" count="28" type="stmt"/>
        <line num="11" count="0" type="stmt"/>
        <line num="12" count="28" type="stmt"/>
        <line num="13" count="28" type="stmt"/>
        <line num="17" count="28" type="stmt"/>
        <line num="18" count="28" type="stmt"/>
        <line num="21" count="28" type="cond" truecount="1" falsecount="0"/>
        <line num="22" count="28" type="cond" truecount="0" falsecount="3"/>
        <line num="23" count="0" type="stmt"/>
        <line num="51" count="0" type="stmt"/>
      </file>
    </package>
    <package name="src.pages">
      <metrics statements="6" coveredstatements="6" conditionals="0" coveredconditionals="0" methods="5" coveredmethods="5"/>
      <file name="AboutUs.tsx" path="C:/Users/Alisa/OneDrive/Desktop/SSR/React/y/src/pages/AboutUs.tsx">
        <metrics statements="1" coveredstatements="1" conditionals="0" coveredconditionals="0" methods="1" coveredmethods="1"/>
        <line num="4" count="28" type="stmt"/>
      </file>
      <file name="Error.tsx" path="C:/Users/Alisa/OneDrive/Desktop/SSR/React/y/src/pages/Error.tsx">
        <metrics statements="1" coveredstatements="1" conditionals="0" coveredconditionals="0" methods="1" coveredmethods="1"/>
        <line num="6" count="28" type="stmt"/>
      </file>
      <file name="FormPage.tsx" path="C:/Users/Alisa/OneDrive/Desktop/SSR/React/y/src/pages/FormPage.tsx">
        <metrics statements="3" coveredstatements="3" conditionals="0" coveredconditionals="0" methods="2" coveredmethods="2"/>
        <line num="8" count="80" type="stmt"/>
        <line num="9" count="106" type="stmt"/>
        <line num="12" count="52" type="stmt"/>
      </file>
      <file name="Home.tsx" path="C:/Users/Alisa/OneDrive/Desktop/SSR/React/y/src/pages/Home.tsx">
        <metrics statements="1" coveredstatements="1" conditionals="0" coveredconditionals="0" methods="1" coveredmethods="1"/>
        <line num="6" count="80" type="stmt"/>
      </file>
      <file name="aboutUs.test.tsx" path="C:/Users/Alisa/OneDrive/Desktop/SSR/React/y/src/pages/aboutUs.test.tsx">
        <metrics statements="0" coveredstatements="0" conditionals="0" coveredconditionals="0" methods="0" coveredmethods="0"/>
      </file>
      <file name="error.test.tsx" path="C:/Users/Alisa/OneDrive/Desktop/SSR/React/y/src/pages/error.test.tsx">
        <metrics statements="0" coveredstatements="0" conditionals="0" coveredconditionals="0" methods="0" coveredmethods="0"/>
      </file>
    </package>
    <package name="src.redux">
      <metrics statements="16" coveredstatements="15" conditionals="0" coveredconditionals="0" methods="6" coveredmethods="5"/>
      <file name="apiSlice.tsx" path="C:\Users\Alisa\OneDrive\Desktop\SSR\React\y\src\redux\apiSlice.tsx">
        <metrics statements="5" coveredstatements="4" conditionals="0" coveredconditionals="0" methods="3" coveredmethods="2"/>
        <line num="3" count="119" type="stmt"/>
        <line num="6" count="119" type="stmt"/>
        <line num="8" count="0" type="stmt"/>
        <line num="11" count="102" type="stmt"/>
        <line num="16" count="119" type="stmt"/>
      </file>
      <file name="formReducer.tsx" path="C:\Users\Alisa\OneDrive\Desktop\SSR\React\y\src\redux\formReducer.tsx">
        <metrics statements="4" coveredstatements="4" conditionals="0" coveredconditionals="0" methods="1" coveredmethods="1"/>
        <line num="4" count="119" type="stmt"/>
        <line num="8" count="119" type="stmt"/>
        <line num="13" count="17" type="stmt"/>
        <line num="21" count="119" type="stmt"/>
      </file>
      <file name="searchReducer.tsx" path="C:\Users\Alisa\OneDrive\Desktop\SSR\React\y\src\redux\searchReducer.tsx">
        <metrics statements="3" coveredstatements="3" conditionals="0" coveredconditionals="0" methods="1" coveredmethods="1"/>
        <line num="3" count="119" type="stmt"/>
        <line num="8" count="34" type="stmt"/>
        <line num="13" count="119" type="stmt"/>
      </file>
      <file name="store.tsx" path="C:\Users\Alisa\OneDrive\Desktop\SSR\React\y\src\redux\store.tsx">
        <metrics statements="4" coveredstatements="4" conditionals="0" coveredconditionals="0" methods="1" coveredmethods="1"/>
        <line num="7" count="119" type="stmt"/>
        <line num="13" count="119" type="stmt"/>
        <line num="16" count="119" type="stmt"/>
        <line num="19" count="119" type="stmt"/>
      </file>
    </package>
    <package name="src.test">
      <metrics statements="0" coveredstatements="0" conditionals="0" coveredconditionals="0" methods="0" coveredmethods="0"/>
      <file name="setup.ts" path="C:/Users/Alisa/OneDrive/Desktop/SSR/React/y/src/test/setup.ts">
        <metrics statements="0" coveredstatements="0" conditionals="0" coveredconditionals="0" methods="0" coveredmethods="0"/>
      </file>
    </package>
    <package name="src.types">
      <metrics statements="0" coveredstatements="0" conditionals="0" coveredconditionals="0" methods="0" coveredmethods="0"/>
      <file name="types.tsx" path="C:/Users/Alisa/OneDrive/Desktop/SSR/React/y/src/types/types.tsx">
        <metrics statements="0" coveredstatements="0" conditionals="0" coveredconditionals="0" methods="0" coveredmethods="0"/>
      </file>
    </package>
  </project>
</coverage>
