{"C:/Users/Alisa/OneDrive/Desktop/SSR/React/y/src/ClientApp.tsx": {"path":"C:/Users/Alisa/OneDrive/Desktop/SSR/React/y/src/ClientApp.tsx","statementMap":{"0":{"start":{"line":9,"column":0},"end":{"line":24,"column":null}},"1":{"start":{"line":10,"column":22},"end":{"line":10,"column":null}},"2":{"start":{"line":11,"column":2},"end":{"line":23,"column":null}},"3":{"start":{"line":12,"column":4},"end":{"line":22,"column":null}}},"fnMap":{},"branchMap":{"0":{"loc":{"start":{"line":9,"column":0},"end":{"line":24,"column":null}},"type":"if","locations":[{"start":{"line":9,"column":0},"end":{"line":24,"column":null}}]},"1":{"loc":{"start":{"line":11,"column":2},"end":{"line":23,"column":null}},"type":"if","locations":[{"start":{"line":11,"column":2},"end":{"line":23,"column":null}}]}},"s":{"0":119,"1":119,"2":119,"3":119},"f":{},"b":{"0":[119],"1":[119]}}
,"C:/Users/Alisa/OneDrive/Desktop/SSR/React/y/src/ServerApp.tsx": {"path":"C:/Users/Alisa/OneDrive/Desktop/SSR/React/y/src/ServerApp.tsx","statementMap":{},"fnMap":{},"branchMap":{},"s":{},"f":{},"b":{}}
,"C:/Users/Alisa/OneDrive/Desktop/SSR/React/y/src/routes.tsx": {"path":"C:/Users/Alisa/OneDrive/Desktop/SSR/React/y/src/routes.tsx","statementMap":{"0":{"start":{"line":8,"column":2},"end":{"line":14,"column":null}}},"fnMap":{"0":{"name":"MyRoutes","decl":{"start":{"line":7,"column":9},"end":{"line":7,"column":20}},"loc":{"start":{"line":7,"column":20},"end":{"line":16,"column":null}}}},"branchMap":{},"s":{"0":119},"f":{"0":119},"b":{}}
,"C:/Users/Alisa/OneDrive/Desktop/SSR/React/y/src/vite-env.d.ts": {"path":"C:/Users/Alisa/OneDrive/Desktop/SSR/React/y/src/vite-env.d.ts","statementMap":{},"fnMap":{},"branchMap":{},"s":{},"f":{},"b":{}}
,"C:/Users/Alisa/OneDrive/Desktop/SSR/React/y/src/components/Header.tsx": {"path":"C:/Users/Alisa/OneDrive/Desktop/SSR/React/y/src/components/Header.tsx","statementMap":{"0":{"start":{"line":5,"column":2},"end":{"line":8,"column":null}}},"fnMap":{"0":{"name":"Header","decl":{"start":{"line":4,"column":9},"end":{"line":4,"column":18}},"loc":{"start":{"line":4,"column":18},"end":{"line":10,"column":null}}}},"branchMap":{},"s":{"0":158},"f":{"0":158},"b":{}}
,"C:/Users/Alisa/OneDrive/Desktop/SSR/React/y/src/components/Navbar.tsx": {"path":"C:/Users/Alisa/OneDrive/Desktop/SSR/React/y/src/components/Navbar.tsx","statementMap":{"0":{"start":{"line":5,"column":2},"end":{"line":24,"column":null}}},"fnMap":{"0":{"name":"Navbar","decl":{"start":{"line":4,"column":9},"end":{"line":4,"column":18}},"loc":{"start":{"line":4,"column":18},"end":{"line":26,"column":null}}}},"branchMap":{},"s":{"0":158},"f":{"0":158},"b":{}}
,"C:/Users/Alisa/OneDrive/Desktop/SSR/React/y/src/components/SearchBar.tsx": {"path":"C:/Users/Alisa/OneDrive/Desktop/SSR/React/y/src/components/SearchBar.tsx","statementMap":{"0":{"start":{"line":6,"column":18},"end":{"line":43,"column":null}},"1":{"start":{"line":7,"column":19},"end":{"line":7,"column":null}},"2":{"start":{"line":8,"column":21},"end":{"line":10,"column":null}},"3":{"start":{"line":9,"column":4},"end":{"line":9,"column":null}},"4":{"start":{"line":11,"column":19},"end":{"line":11,"column":null}},"5":{"start":{"line":13,"column":24},"end":{"line":15,"column":null}},"6":{"start":{"line":14,"column":4},"end":{"line":14,"column":null}},"7":{"start":{"line":17,"column":19},"end":{"line":19,"column":null}},"8":{"start":{"line":18,"column":4},"end":{"line":18,"column":null}},"9":{"start":{"line":22,"column":4},"end":{"line":24,"column":null}},"10":{"start":{"line":23,"column":6},"end":{"line":23,"column":null}},"11":{"start":{"line":27,"column":2},"end":{"line":41,"column":null}}},"fnMap":{"0":{"name":"SearchBar2","decl":{"start":{"line":6,"column":27},"end":{"line":6,"column":39}},"loc":{"start":{"line":6,"column":39},"end":{"line":43,"column":null}}},"1":{"name":"(anonymous_1)","decl":{"start":{"line":8,"column":33},"end":{"line":8,"column":34}},"loc":{"start":{"line":8,"column":55},"end":{"line":10,"column":3}}},"2":{"name":"(anonymous_2)","decl":{"start":{"line":13,"column":24},"end":{"line":13,"column":25}},"loc":{"start":{"line":13,"column":62},"end":{"line":15,"column":null}}},"3":{"name":"(anonymous_3)","decl":{"start":{"line":17,"column":19},"end":{"line":17,"column":25}},"loc":{"start":{"line":17,"column":25},"end":{"line":19,"column":null}}},"4":{"name":"handleKeyDown","decl":{"start":{"line":21,"column":11},"end":{"line":21,"column":25}},"loc":{"start":{"line":21,"column":71},"end":{"line":25,"column":null}}}},"branchMap":{"0":{"loc":{"start":{"line":22,"column":4},"end":{"line":24,"column":null}},"type":"if","locations":[{"start":{"line":22,"column":4},"end":{"line":24,"column":null}}]},"1":{"loc":{"start":{"line":34,"column":22},"end":{"line":34,"column":null}},"type":"binary-expr","locations":[{"start":{"line":34,"column":22},"end":{"line":34,"column":32}},{"start":{"line":34,"column":32},"end":{"line":34,"column":null}}]}},"s":{"0":119,"1":330,"2":302,"3":632,"4":330,"5":330,"6":483,"7":330,"8":54,"9":483,"10":93,"11":395},"f":{"0":330,"1":697,"2":641,"3":166,"4":463},"b":{"0":[28],"1":[302,226]}}
,"C:/Users/Alisa/OneDrive/Desktop/SSR/React/y/src/components/apiFunctions.test.tsx": {"path":"C:/Users/Alisa/OneDrive/Desktop/SSR/React/y/src/components/apiFunctions.test.tsx","statementMap":{},"fnMap":{},"branchMap":{},"s":{},"f":{},"b":{}}
,"C:/Users/Alisa/OneDrive/Desktop/SSR/React/y/src/components/navBar.test.tsx": {"path":"C:/Users/Alisa/OneDrive/Desktop/SSR/React/y/src/components/navBar.test.tsx","statementMap":{},"fnMap":{},"branchMap":{},"s":{},"f":{},"b":{}}
,"C:/Users/Alisa/OneDrive/Desktop/SSR/React/y/src/components/cards/Card.tsx": {"path":"C:/Users/Alisa/OneDrive/Desktop/SSR/React/y/src/components/cards/Card.tsx","statementMap":{"0":{"start":{"line":7,"column":38},"end":{"line":7,"column":null}},"1":{"start":{"line":8,"column":40},"end":{"line":8,"column":null}},"2":{"start":{"line":10,"column":22},"end":{"line":12,"column":null}},"3":{"start":{"line":11,"column":4},"end":{"line":11,"column":null}},"4":{"start":{"line":14,"column":24},"end":{"line":18,"column":null}},"5":{"start":{"line":15,"column":4},"end":{"line":17,"column":null}},"6":{"start":{"line":16,"column":6},"end":{"line":16,"column":null}},"7":{"start":{"line":19,"column":2},"end":{"line":36,"column":null}}},"fnMap":{"0":{"name":"Card","decl":{"start":{"line":6,"column":9},"end":{"line":6,"column":14}},"loc":{"start":{"line":6,"column":35},"end":{"line":38,"column":null}}},"1":{"name":"(anonymous_1)","decl":{"start":{"line":10,"column":22},"end":{"line":10,"column":34}},"loc":{"start":{"line":10,"column":34},"end":{"line":12,"column":null}}},"2":{"name":"(anonymous_2)","decl":{"start":{"line":14,"column":24},"end":{"line":14,"column":25}},"loc":{"start":{"line":14,"column":72},"end":{"line":18,"column":null}}}},"branchMap":{"0":{"loc":{"start":{"line":15,"column":4},"end":{"line":17,"column":null}},"type":"if","locations":[{"start":{"line":15,"column":4},"end":{"line":17,"column":null}}]},"1":{"loc":{"start":{"line":15,"column":8},"end":{"line":15,"column":52}},"type":"binary-expr","locations":[{"start":{"line":15,"column":8},"end":{"line":15,"column":33}},{"start":{"line":15,"column":33},"end":{"line":15,"column":52}}]},"2":{"loc":{"start":{"line":35,"column":7},"end":{"line":35,"column":null}},"type":"binary-expr","locations":[{"start":{"line":35,"column":7},"end":{"line":35,"column":22}},{"start":{"line":35,"column":22},"end":{"line":35,"column":null}}]}},"s":{"0":881,"1":881,"2":853,"3":28,"4":881,"5":28,"6":28,"7":881},"f":{"0":881,"1":264,"2":0},"b":{"0":[28],"1":[0,28],"2":[853,0]}}
,"C:/Users/Alisa/OneDrive/Desktop/SSR/React/y/src/components/cards/CardBtns.tsx": {"path":"C:/Users/Alisa/OneDrive/Desktop/SSR/React/y/src/components/cards/CardBtns.tsx","statementMap":{},"fnMap":{},"branchMap":{},"s":{},"f":{},"b":{}}
,"C:/Users/Alisa/OneDrive/Desktop/SSR/React/y/src/components/cards/CardImg.tsx": {"path":"C:/Users/Alisa/OneDrive/Desktop/SSR/React/y/src/components/cards/CardImg.tsx","statementMap":{"0":{"start":{"line":5,"column":34},"end":{"line":5,"column":null}},"1":{"start":{"line":6,"column":2},"end":{"line":13,"column":null}}},"fnMap":{"0":{"name":"CardImg","decl":{"start":{"line":4,"column":9},"end":{"line":4,"column":17}},"loc":{"start":{"line":4,"column":34},"end":{"line":15,"column":null}}}},"branchMap":{"0":{"loc":{"start":{"line":9,"column":13},"end":{"line":9,"column":null}},"type":"cond-expr","locations":[{"start":{"line":9,"column":41},"end":{"line":9,"column":49}},{"start":{"line":9,"column":49},"end":{"line":9,"column":null}}]}},"s":{"0":894,"1":894},"f":{"0":894},"b":{"0":[894,0]}}
,"C:/Users/Alisa/OneDrive/Desktop/SSR/React/y/src/components/cards/CardInfo.tsx": {"path":"C:/Users/Alisa/OneDrive/Desktop/SSR/React/y/src/components/cards/CardInfo.tsx","statementMap":{},"fnMap":{},"branchMap":{},"s":{},"f":{},"b":{}}
,"C:/Users/Alisa/OneDrive/Desktop/SSR/React/y/src/components/cards/CardList.tsx": {"path":"C:/Users/Alisa/OneDrive/Desktop/SSR/React/y/src/components/cards/CardList.tsx","statementMap":{"0":{"start":{"line":8,"column":21},"end":{"line":10,"column":null}},"1":{"start":{"line":9,"column":4},"end":{"line":9,"column":null}},"2":{"start":{"line":11,"column":49},"end":{"line":11,"column":null}},"3":{"start":{"line":12,"column":2},"end":{"line":12,"column":null}},"4":{"start":{"line":12,"column":31},"end":{"line":12,"column":null}},"5":{"start":{"line":13,"column":2},"end":{"line":13,"column":null}},"6":{"start":{"line":13,"column":22},"end":{"line":13,"column":null}},"7":{"start":{"line":15,"column":2},"end":{"line":28,"column":null}},"8":{"start":{"line":18,"column":8},"end":{"line":25,"column":null}}},"fnMap":{"0":{"name":"CardList","decl":{"start":{"line":7,"column":9},"end":{"line":7,"column":20}},"loc":{"start":{"line":7,"column":20},"end":{"line":30,"column":null}}},"1":{"name":"(anonymous_1)","decl":{"start":{"line":8,"column":33},"end":{"line":8,"column":34}},"loc":{"start":{"line":8,"column":55},"end":{"line":10,"column":3}}},"2":{"name":"(anonymous_2)","decl":{"start":{"line":17,"column":24},"end":{"line":17,"column":25}},"loc":{"start":{"line":17,"column":44},"end":{"line":27,"column":7}}}},"branchMap":{"0":{"loc":{"start":{"line":12,"column":2},"end":{"line":12,"column":null}},"type":"if","locations":[{"start":{"line":12,"column":2},"end":{"line":12,"column":null}}]},"1":{"loc":{"start":{"line":12,"column":6},"end":{"line":12,"column":31}},"type":"binary-expr","locations":[{"start":{"line":12,"column":6},"end":{"line":12,"column":19}},{"start":{"line":12,"column":19},"end":{"line":12,"column":31}}]},"2":{"loc":{"start":{"line":13,"column":2},"end":{"line":13,"column":null}},"type":"if","locations":[{"start":{"line":13,"column":2},"end":{"line":13,"column":null}}]},"3":{"loc":{"start":{"line":13,"column":6},"end":{"line":13,"column":22}},"type":"binary-expr","locations":[{"start":{"line":13,"column":6},"end":{"line":13,"column":15}},{"start":{"line":13,"column":15},"end":{"line":13,"column":22}}]}},"s":{"0":330,"1":632,"2":302,"3":330,"4":262,"5":96,"6":41,"7":83,"8":881},"f":{"0":330,"1":697,"2":1039},"b":{"0":[262],"1":[302,174],"2":[85],"3":[161,113]}}
,"C:/Users/Alisa/OneDrive/Desktop/SSR/React/y/src/components/cards/CardName.tsx": {"path":"C:/Users/Alisa/OneDrive/Desktop/SSR/React/y/src/components/cards/CardName.tsx","statementMap":{},"fnMap":{},"branchMap":{},"s":{},"f":{},"b":{}}
,"C:/Users/Alisa/OneDrive/Desktop/SSR/React/y/src/components/form/FormCard.tsx": {"path":"C:/Users/Alisa/OneDrive/Desktop/SSR/React/y/src/components/form/FormCard.tsx","statementMap":{"0":{"start":{"line":6,"column":61},"end":{"line":6,"column":null}},"1":{"start":{"line":7,"column":2},"end":{"line":17,"column":null}}},"fnMap":{"0":{"name":"FormCard","decl":{"start":{"line":5,"column":9},"end":{"line":5,"column":18}},"loc":{"start":{"line":5,"column":40},"end":{"line":19,"column":null}}}},"branchMap":{"0":{"loc":{"start":{"line":14,"column":37},"end":{"line":14,"column":null}},"type":"cond-expr","locations":[{"start":{"line":14,"column":47},"end":{"line":14,"column":55}},{"start":{"line":14,"column":55},"end":{"line":14,"column":null}}]}},"s":{"0":41,"1":41},"f":{"0":41},"b":{"0":[41,0]}}
,"C:/Users/Alisa/OneDrive/Desktop/SSR/React/y/src/components/form/FormCardList.tsx": {"path":"C:/Users/Alisa/OneDrive/Desktop/SSR/React/y/src/components/form/FormCardList.tsx","statementMap":{"0":{"start":{"line":6,"column":24},"end":{"line":6,"column":null}},"1":{"start":{"line":7,"column":2},"end":{"line":23,"column":null}},"2":{"start":{"line":10,"column":8},"end":{"line":20,"column":null}}},"fnMap":{"0":{"name":"FormCardList","decl":{"start":{"line":5,"column":9},"end":{"line":5,"column":22}},"loc":{"start":{"line":5,"column":47},"end":{"line":25,"column":null}}},"1":{"name":"(anonymous_1)","decl":{"start":{"line":9,"column":21},"end":{"line":9,"column":22}},"loc":{"start":{"line":9,"column":29},"end":{"line":22,"column":7}}}},"branchMap":{},"s":{"0":80,"1":80,"2":13},"f":{"0":80,"1":29},"b":{}}
,"C:/Users/Alisa/OneDrive/Desktop/SSR/React/y/src/components/form/FormComponentHook.tsx": {"path":"C:/Users/Alisa/OneDrive/Desktop/SSR/React/y/src/components/form/FormComponentHook.tsx","statementMap":{"0":{"start":{"line":14,"column":19},"end":{"line":14,"column":null}},"1":{"start":{"line":15,"column":40},"end":{"line":15,"column":null}},"2":{"start":{"line":21,"column":6},"end":{"line":21,"column":null}},"3":{"start":{"line":24,"column":4},"end":{"line":32,"column":null}},"4":{"start":{"line":36,"column":4},"end":{"line":36,"column":null}},"5":{"start":{"line":37,"column":4},"end":{"line":37,"column":null}},"6":{"start":{"line":38,"column":4},"end":{"line":40,"column":null}},"7":{"start":{"line":39,"column":6},"end":{"line":39,"column":null}},"8":{"start":{"line":41,"column":4},"end":{"line":41,"column":null}},"9":{"start":{"line":44,"column":2},"end":{"line":156,"column":null}},"10":{"start":{"line":51,"column":31},"end":{"line":51,"column":null}},"11":{"start":{"line":67,"column":33},"end":{"line":67,"column":null}},"12":{"start":{"line":80,"column":33},"end":{"line":80,"column":null}},"13":{"start":{"line":99,"column":33},"end":{"line":99,"column":null}}},"fnMap":{"0":{"name":"FormComponentHook","decl":{"start":{"line":13,"column":9},"end":{"line":13,"column":29}},"loc":{"start":{"line":13,"column":29},"end":{"line":158,"column":null}}},"1":{"name":"createValidationObject","decl":{"start":{"line":23,"column":11},"end":{"line":23,"column":34}},"loc":{"start":{"line":23,"column":53},"end":{"line":33,"column":null}}},"2":{"name":"onSubmit","decl":{"start":{"line":35,"column":11},"end":{"line":35,"column":20}},"loc":{"start":{"line":35,"column":39},"end":{"line":42,"column":null}}},"3":{"name":"(anonymous_3)","decl":{"start":{"line":38,"column":15},"end":{"line":38,"column":21}},"loc":{"start":{"line":38,"column":21},"end":{"line":40,"column":7}}},"4":{"name":"(anonymous_4)","decl":{"start":{"line":51,"column":20},"end":{"line":51,"column":21}},"loc":{"start":{"line":51,"column":31},"end":{"line":51,"column":null}}},"5":{"name":"(anonymous_5)","decl":{"start":{"line":67,"column":22},"end":{"line":67,"column":23}},"loc":{"start":{"line":67,"column":33},"end":{"line":67,"column":null}}},"6":{"name":"(anonymous_6)","decl":{"start":{"line":80,"column":22},"end":{"line":80,"column":23}},"loc":{"start":{"line":80,"column":33},"end":{"line":80,"column":null}}},"7":{"name":"(anonymous_7)","decl":{"start":{"line":99,"column":22},"end":{"line":99,"column":23}},"loc":{"start":{"line":99,"column":33},"end":{"line":99,"column":null}}}},"branchMap":{"0":{"loc":{"start":{"line":54,"column":7},"end":{"line":58,"column":null}},"type":"binary-expr","locations":[{"start":{"line":54,"column":7},"end":{"line":54,"column":null}},{"start":{"line":55,"column":8},"end":{"line":58,"column":null}}]},"1":{"loc":{"start":{"line":70,"column":9},"end":{"line":71,"column":null}},"type":"binary-expr","locations":[{"start":{"line":70,"column":9},"end":{"line":70,"column":null}},{"start":{"line":71,"column":10},"end":{"line":71,"column":null}}]},"2":{"loc":{"start":{"line":87,"column":9},"end":{"line":88,"column":null}},"type":"binary-expr","locations":[{"start":{"line":87,"column":9},"end":{"line":87,"column":null}},{"start":{"line":88,"column":10},"end":{"line":88,"column":null}}]},"3":{"loc":{"start":{"line":102,"column":9},"end":{"line":105,"column":null}},"type":"binary-expr","locations":[{"start":{"line":102,"column":9},"end":{"line":102,"column":null}},{"start":{"line":103,"column":10},"end":{"line":105,"column":null}}]},"4":{"loc":{"start":{"line":131,"column":9},"end":{"line":132,"column":null}},"type":"binary-expr","locations":[{"start":{"line":131,"column":9},"end":{"line":131,"column":null}},{"start":{"line":132,"column":10},"end":{"line":132,"column":null}}]},"5":{"loc":{"start":{"line":144,"column":9},"end":{"line":145,"column":null}},"type":"binary-expr","locations":[{"start":{"line":144,"column":9},"end":{"line":144,"column":null}},{"start":{"line":145,"column":10},"end":{"line":145,"column":null}}]},"6":{"loc":{"start":{"line":151,"column":7},"end":{"line":154,"column":null}},"type":"binary-expr","locations":[{"start":{"line":151,"column":7},"end":{"line":151,"column":null}},{"start":{"line":152,"column":8},"end":{"line":154,"column":null}}]}},"s":{"0":106,"1":106,"2":78,"3":41,"4":41,"5":41,"6":41,"7":28,"8":41,"9":102,"10":37,"11":37,"12":50,"13":17},"f":{"0":106,"1":37,"2":17,"3":4,"4":13,"5":17,"6":30,"7":21},"b":{"0":[106,13],"1":[78,41],"2":[102,17],"3":[102,17],"4":[102,17],"5":[102,17],"6":[102,17]}}
,"C:/Users/Alisa/OneDrive/Desktop/SSR/React/y/src/components/form/formCard.test.tsx": {"path":"C:/Users/Alisa/OneDrive/Desktop/SSR/React/y/src/components/form/formCard.test.tsx","statementMap":{},"fnMap":{},"branchMap":{},"s":{},"f":{},"b":{}}
,"C:/Users/Alisa/OneDrive/Desktop/SSR/React/y/src/components/form/formCardList.test.tsx": {"path":"C:/Users/Alisa/OneDrive/Desktop/SSR/React/y/src/components/form/formCardList.test.tsx","statementMap":{},"fnMap":{},"branchMap":{},"s":{},"f":{},"b":{}}
,"C:/Users/Alisa/OneDrive/Desktop/SSR/React/y/src/components/form/formComponentHook.test.tsx": {"path":"C:/Users/Alisa/OneDrive/Desktop/SSR/React/y/src/components/form/formComponentHook.test.tsx","statementMap":{},"fnMap":{},"branchMap":{},"s":{},"f":{},"b":{}}
,"C:/Users/Alisa/OneDrive/Desktop/SSR/React/y/src/components/form/validationFunctions.test.tsx": {"path":"C:/Users/Alisa/OneDrive/Desktop/SSR/React/y/src/components/form/validationFunctions.test.tsx","statementMap":{},"fnMap":{},"branchMap":{},"s":{},"f":{},"b":{}}
,"C:\\Users\\Alisa\\OneDrive\\Desktop\\SSR\\React\\y\\src\\components\\form\\validationFunctions.tsx": {"path":"C:\\Users\\Alisa\\OneDrive\\Desktop\\SSR\\React\\y\\src\\components\\form\\validationFunctions.tsx","statementMap":{"0":{"start":{"line":1,"column":29},"end":{"line":7,"column":null}},"1":{"start":{"line":2,"column":2},"end":{"line":4,"column":null}},"2":{"start":{"line":3,"column":4},"end":{"line":3,"column":null}},"3":{"start":{"line":5,"column":17},"end":{"line":5,"column":null}},"4":{"start":{"line":6,"column":2},"end":{"line":6,"column":null}},"5":{"start":{"line":9,"column":28},"end":{"line":21,"column":null}},"6":{"start":{"line":10,"column":2},"end":{"line":12,"column":null}},"7":{"start":{"line":11,"column":4},"end":{"line":11,"column":null}},"8":{"start":{"line":13,"column":22},"end":{"line":13,"column":null}},"9":{"start":{"line":14,"column":18},"end":{"line":18,"column":null}},"10":{"start":{"line":19,"column":16},"end":{"line":19,"column":null}},"11":{"start":{"line":20,"column":2},"end":{"line":20,"column":null}},"12":{"start":{"line":23,"column":30},"end":{"line":25,"column":null}},"13":{"start":{"line":24,"column":2},"end":{"line":24,"column":null}},"14":{"start":{"line":27,"column":31},"end":{"line":29,"column":null}},"15":{"start":{"line":28,"column":2},"end":{"line":28,"column":null}}},"fnMap":{"0":{"name":"(anonymous_0)","decl":{"start":{"line":1,"column":29},"end":{"line":1,"column":30}},"loc":{"start":{"line":1,"column":61},"end":{"line":7,"column":null}}},"1":{"name":"(anonymous_1)","decl":{"start":{"line":9,"column":28},"end":{"line":9,"column":29}},"loc":{"start":{"line":9,"column":55},"end":{"line":21,"column":null}}},"2":{"name":"(anonymous_2)","decl":{"start":{"line":23,"column":30},"end":{"line":23,"column":31}},"loc":{"start":{"line":23,"column":62},"end":{"line":25,"column":null}}},"3":{"name":"(anonymous_3)","decl":{"start":{"line":27,"column":31},"end":{"line":27,"column":32}},"loc":{"start":{"line":27,"column":63},"end":{"line":29,"column":null}}}},"branchMap":{"0":{"loc":{"start":{"line":2,"column":2},"end":{"line":4,"column":null}},"type":"if","locations":[{"start":{"line":2,"column":2},"end":{"line":4,"column":null}}]},"1":{"loc":{"start":{"line":10,"column":2},"end":{"line":12,"column":null}},"type":"if","locations":[{"start":{"line":10,"column":2},"end":{"line":12,"column":null}}]}},"s":{"0":119,"1":17,"2":0,"3":17,"4":17,"5":119,"6":17,"7":0,"8":17,"9":17,"10":17,"11":17,"12":119,"13":34,"14":119,"15":17},"f":{"0":17,"1":17,"2":34,"3":17},"b":{"0":[0,0],"1":[0,0]},"all":true}
,"C:/Users/Alisa/OneDrive/Desktop/SSR/React/y/src/components/modal/Modal.tsx": {"path":"C:/Users/Alisa/OneDrive/Desktop/SSR/React/y/src/components/modal/Modal.tsx","statementMap":{"0":{"start":{"line":4,"column":37},"end":{"line":11,"column":null}},"1":{"start":{"line":5,"column":33},"end":{"line":5,"column":null}},"2":{"start":{"line":6,"column":2},"end":{"line":9,"column":null}}},"fnMap":{"0":{"name":"Modal2","decl":{"start":{"line":4,"column":46},"end":{"line":4,"column":52}},"loc":{"start":{"line":4,"column":59},"end":{"line":11,"column":null}}}},"branchMap":{},"s":{"0":119,"1":28,"2":0},"f":{"0":28},"b":{}}
,"C:/Users/Alisa/OneDrive/Desktop/SSR/React/y/src/components/modal/ModalCard.tsx": {"path":"C:/Users/Alisa/OneDrive/Desktop/SSR/React/y/src/components/modal/ModalCard.tsx","statementMap":{"0":{"start":{"line":6,"column":44},"end":{"line":56,"column":null}},"1":{"start":{"line":10,"column":37},"end":{"line":10,"column":null}},"2":{"start":{"line":11,"column":18},"end":{"line":14,"column":null}},"3":{"start":{"line":12,"column":4},"end":{"line":12,"column":null}},"4":{"start":{"line":13,"column":4},"end":{"line":13,"column":null}},"5":{"start":{"line":17,"column":4},"end":{"line":17,"column":null}},"6":{"start":{"line":18,"column":4},"end":{"line":18,"column":null}},"7":{"start":{"line":21,"column":2},"end":{"line":21,"column":null}},"8":{"start":{"line":21,"column":17},"end":{"line":21,"column":null}},"9":{"start":{"line":22,"column":2},"end":{"line":22,"column":null}},"10":{"start":{"line":22,"column":22},"end":{"line":22,"column":null}},"11":{"start":{"line":23,"column":2},"end":{"line":54,"column":null}},"12":{"start":{"line":51,"column":45},"end":{"line":51,"column":64}}},"fnMap":{"0":{"name":"ModalCard2","decl":{"start":{"line":6,"column":53},"end":{"line":6,"column":63}},"loc":{"start":{"line":9,"column":3},"end":{"line":56,"column":null}}},"1":{"name":"(anonymous_1)","decl":{"start":{"line":11,"column":18},"end":{"line":11,"column":19}},"loc":{"start":{"line":11,"column":65},"end":{"line":14,"column":null}}},"2":{"name":"onModal","decl":{"start":{"line":16,"column":11},"end":{"line":16,"column":19}},"loc":{"start":{"line":16,"column":58},"end":{"line":19,"column":null}}},"3":{"name":"(anonymous_3)","decl":{"start":{"line":51,"column":29},"end":{"line":51,"column":30}},"loc":{"start":{"line":51,"column":45},"end":{"line":51,"column":64}}}},"branchMap":{"0":{"loc":{"start":{"line":21,"column":2},"end":{"line":21,"column":null}},"type":"if","locations":[{"start":{"line":21,"column":2},"end":{"line":21,"column":null}}]},"1":{"loc":{"start":{"line":22,"column":2},"end":{"line":22,"column":null}},"type":"if","locations":[{"start":{"line":22,"column":2},"end":{"line":22,"column":null}}]},"2":{"loc":{"start":{"line":22,"column":6},"end":{"line":22,"column":22}},"type":"binary-expr","locations":[{"start":{"line":22,"column":6},"end":{"line":22,"column":15}},{"start":{"line":22,"column":15},"end":{"line":22,"column":22}}]},"3":{"loc":{"start":{"line":36,"column":17},"end":{"line":36,"column":null}},"type":"cond-expr","locations":[{"start":{"line":36,"column":50},"end":{"line":36,"column":63}},{"start":{"line":36,"column":63},"end":{"line":36,"column":null}}]}},"s":{"0":119,"1":28,"2":0,"3":28,"4":28,"5":28,"6":28,"7":28,"8":28,"9":28,"10":0,"11":0,"12":0},"f":{"0":28,"1":0,"2":0,"3":0},"b":{"0":[28],"1":[0],"2":[0,0],"3":[0,0]}}
,"C:/Users/Alisa/OneDrive/Desktop/SSR/React/y/src/pages/AboutUs.tsx": {"path":"C:/Users/Alisa/OneDrive/Desktop/SSR/React/y/src/pages/AboutUs.tsx","statementMap":{"0":{"start":{"line":4,"column":2},"end":{"line":4,"column":null}}},"fnMap":{"0":{"name":"AboutUs","decl":{"start":{"line":3,"column":9},"end":{"line":3,"column":19}},"loc":{"start":{"line":3,"column":19},"end":{"line":5,"column":null}}}},"branchMap":{},"s":{"0":28},"f":{"0":28},"b":{}}
,"C:/Users/Alisa/OneDrive/Desktop/SSR/React/y/src/pages/Error.tsx": {"path":"C:/Users/Alisa/OneDrive/Desktop/SSR/React/y/src/pages/Error.tsx","statementMap":{"0":{"start":{"line":6,"column":2},"end":{"line":15,"column":null}}},"fnMap":{"0":{"name":"Error","decl":{"start":{"line":5,"column":9},"end":{"line":5,"column":17}},"loc":{"start":{"line":5,"column":17},"end":{"line":17,"column":null}}}},"branchMap":{},"s":{"0":28},"f":{"0":28},"b":{}}
,"C:/Users/Alisa/OneDrive/Desktop/SSR/React/y/src/pages/FormPage.tsx": {"path":"C:/Users/Alisa/OneDrive/Desktop/SSR/React/y/src/pages/FormPage.tsx","statementMap":{"0":{"start":{"line":8,"column":24},"end":{"line":10,"column":null}},"1":{"start":{"line":9,"column":4},"end":{"line":9,"column":null}},"2":{"start":{"line":12,"column":2},"end":{"line":19,"column":null}}},"fnMap":{"0":{"name":"FormPage","decl":{"start":{"line":7,"column":9},"end":{"line":7,"column":20}},"loc":{"start":{"line":7,"column":20},"end":{"line":21,"column":null}}},"1":{"name":"(anonymous_1)","decl":{"start":{"line":8,"column":36},"end":{"line":8,"column":37}},"loc":{"start":{"line":8,"column":58},"end":{"line":10,"column":3}}}},"branchMap":{},"s":{"0":80,"1":106,"2":52},"f":{"0":80,"1":94},"b":{}}
,"C:/Users/Alisa/OneDrive/Desktop/SSR/React/y/src/pages/Home.tsx": {"path":"C:/Users/Alisa/OneDrive/Desktop/SSR/React/y/src/pages/Home.tsx","statementMap":{"0":{"start":{"line":6,"column":2},"end":{"line":12,"column":null}}},"fnMap":{"0":{"name":"Home","decl":{"start":{"line":5,"column":9},"end":{"line":5,"column":16}},"loc":{"start":{"line":5,"column":16},"end":{"line":14,"column":null}}}},"branchMap":{},"s":{"0":80},"f":{"0":80},"b":{}}
,"C:/Users/Alisa/OneDrive/Desktop/SSR/React/y/src/pages/aboutUs.test.tsx": {"path":"C:/Users/Alisa/OneDrive/Desktop/SSR/React/y/src/pages/aboutUs.test.tsx","statementMap":{},"fnMap":{},"branchMap":{},"s":{},"f":{},"b":{}}
,"C:/Users/Alisa/OneDrive/Desktop/SSR/React/y/src/pages/error.test.tsx": {"path":"C:/Users/Alisa/OneDrive/Desktop/SSR/React/y/src/pages/error.test.tsx","statementMap":{},"fnMap":{},"branchMap":{},"s":{},"f":{},"b":{}}
,"C:\\Users\\Alisa\\OneDrive\\Desktop\\SSR\\React\\y\\src\\redux\\apiSlice.tsx": {"path":"C:\\Users\\Alisa\\OneDrive\\Desktop\\SSR\\React\\y\\src\\redux\\apiSlice.tsx","statementMap":{"0":{"start":{"line":3,"column":24},"end":{"line":14,"column":null}},"1":{"start":{"line":6,"column":25},"end":{"line":13,"column":null}},"2":{"start":{"line":8,"column":21},"end":{"line":8,"column":null}},"3":{"start":{"line":11,"column":23},"end":{"line":11,"column":null}},"4":{"start":{"line":16,"column":68},"end":{"line":16,"column":null}}},"fnMap":{"0":{"name":"(anonymous_0)","decl":{"start":{"line":6,"column":13},"end":{"line":6,"column":14}},"loc":{"start":{"line":6,"column":25},"end":{"line":13,"column":null}}},"1":{"name":"(anonymous_1)","decl":{"start":{"line":8,"column":13},"end":{"line":8,"column":14}},"loc":{"start":{"line":8,"column":21},"end":{"line":8,"column":null}}},"2":{"name":"(anonymous_2)","decl":{"start":{"line":11,"column":13},"end":{"line":11,"column":14}},"loc":{"start":{"line":11,"column":23},"end":{"line":11,"column":null}}}},"branchMap":{},"s":{"0":119,"1":119,"2":0,"3":102,"4":119},"f":{"0":119,"1":0,"2":102},"b":{},"all":true}
,"C:\\Users\\Alisa\\OneDrive\\Desktop\\SSR\\React\\y\\src\\redux\\formReducer.tsx": {"path":"C:\\Users\\Alisa\\OneDrive\\Desktop\\SSR\\React\\y\\src\\redux\\formReducer.tsx","statementMap":{"0":{"start":{"line":4,"column":37},"end":{"line":6,"column":null}},"1":{"start":{"line":8,"column":27},"end":{"line":19,"column":null}},"2":{"start":{"line":13,"column":6},"end":{"line":16,"column":null}},"3":{"start":{"line":21,"column":31},"end":{"line":21,"column":null}}},"fnMap":{"0":{"name":"(anonymous_0)","decl":{"start":{"line":12,"column":17},"end":{"line":12,"column":18}},"loc":{"start":{"line":12,"column":53},"end":{"line":17,"column":null}}}},"branchMap":{},"s":{"0":119,"1":119,"2":17,"3":119},"f":{"0":17},"b":{},"all":true}
,"C:\\Users\\Alisa\\OneDrive\\Desktop\\SSR\\React\\y\\src\\redux\\searchReducer.tsx": {"path":"C:\\Users\\Alisa\\OneDrive\\Desktop\\SSR\\React\\y\\src\\redux\\searchReducer.tsx","statementMap":{"0":{"start":{"line":3,"column":29},"end":{"line":11,"column":null}},"1":{"start":{"line":8,"column":6},"end":{"line":8,"column":null}},"2":{"start":{"line":13,"column":33},"end":{"line":13,"column":null}}},"fnMap":{"0":{"name":"(anonymous_0)","decl":{"start":{"line":7,"column":19},"end":{"line":7,"column":20}},"loc":{"start":{"line":7,"column":38},"end":{"line":9,"column":null}}}},"branchMap":{},"s":{"0":119,"1":34,"2":119},"f":{"0":34},"b":{},"all":true}
,"C:\\Users\\Alisa\\OneDrive\\Desktop\\SSR\\React\\y\\src\\redux\\store.tsx": {"path":"C:\\Users\\Alisa\\OneDrive\\Desktop\\SSR\\React\\y\\src\\redux\\store.tsx","statementMap":{"0":{"start":{"line":7,"column":20},"end":{"line":11,"column":null}},"1":{"start":{"line":13,"column":14},"end":{"line":17,"column":null}},"2":{"start":{"line":16,"column":4},"end":{"line":16,"column":null}},"3":{"start":{"line":19,"column":0},"end":{"line":19,"column":null}}},"fnMap":{"0":{"name":"(anonymous_0)","decl":{"start":{"line":15,"column":14},"end":{"line":15,"column":15}},"loc":{"start":{"line":16,"column":4},"end":{"line":16,"column":null}}}},"branchMap":{},"s":{"0":119,"1":119,"2":119,"3":119},"f":{"0":119},"b":{},"all":true}
,"C:/Users/Alisa/OneDrive/Desktop/SSR/React/y/src/test/setup.ts": {"path":"C:/Users/Alisa/OneDrive/Desktop/SSR/React/y/src/test/setup.ts","statementMap":{},"fnMap":{},"branchMap":{},"s":{},"f":{},"b":{}}
,"C:/Users/Alisa/OneDrive/Desktop/SSR/React/y/src/types/types.tsx": {"path":"C:/Users/Alisa/OneDrive/Desktop/SSR/React/y/src/types/types.tsx","statementMap":{},"fnMap":{},"branchMap":{},"s":{},"f":{},"b":{}}
}
