TN:
SF:src\ClientApp.tsx
FNF:0
FNH:0
DA:9,119
DA:10,119
DA:11,119
DA:12,119
LF:4
LH:4
BRDA:9,0,0,119
BRDA:11,1,0,119
BRF:2
BRH:2
end_of_record
TN:
SF:src\ServerApp.tsx
FNF:0
FNH:0
LF:0
LH:0
BRF:0
BRH:0
end_of_record
TN:
SF:src\routes.tsx
FN:7,MyRoutes
FNF:1
FNH:1
FNDA:119,MyRoutes
DA:8,119
LF:1
LH:1
BRF:0
BRH:0
end_of_record
TN:
SF:src\vite-env.d.ts
FNF:0
FNH:0
LF:0
LH:0
BRF:0
BRH:0
end_of_record
TN:
SF:src\components\Header.tsx
FN:4,Header
FNF:1
FNH:1
FNDA:158,Header
DA:5,158
LF:1
LH:1
BRF:0
BRH:0
end_of_record
TN:
SF:src\components\Navbar.tsx
FN:4,Navbar
FNF:1
FNH:1
FNDA:158,Navbar
DA:5,158
LF:1
LH:1
BRF:0
BRH:0
end_of_record
TN:
SF:src\components\SearchBar.tsx
FN:6,SearchBar2
FN:8,(anonymous_1)
FN:13,(anonymous_2)
FN:17,(anonymous_3)
FN:21,handleKeyDown
FNF:5
FNH:5
FNDA:330,SearchBar2
FNDA:697,(anonymous_1)
FNDA:641,(anonymous_2)
FNDA:166,(anonymous_3)
FNDA:463,handleKeyDown
DA:6,119
DA:7,330
DA:8,302
DA:9,632
DA:11,330
DA:13,330
DA:14,483
DA:17,330
DA:18,54
DA:22,483
DA:23,93
DA:27,395
LF:12
LH:12
BRDA:22,0,0,28
BRDA:34,1,0,302
BRDA:34,1,1,226
BRF:3
BRH:3
end_of_record
TN:
SF:src\components\apiFunctions.test.tsx
FNF:0
FNH:0
LF:0
LH:0
BRF:0
BRH:0
end_of_record
TN:
SF:src\components\navBar.test.tsx
FNF:0
FNH:0
LF:0
LH:0
BRF:0
BRH:0
end_of_record
TN:
SF:src\components\cards\Card.tsx
FN:6,Card
FN:10,(anonymous_1)
FN:14,(anonymous_2)
FNF:3
FNH:2
FNDA:881,Card
FNDA:264,(anonymous_1)
FNDA:0,(anonymous_2)
DA:7,881
DA:8,881
DA:10,853
DA:11,28
DA:14,881
DA:15,28
DA:16,28
DA:19,881
LF:8
LH:8
BRDA:15,0,0,28
BRDA:15,1,0,0
BRDA:15,1,1,28
BRDA:35,2,0,853
BRDA:35,2,1,0
BRF:5
BRH:3
end_of_record
TN:
SF:src\components\cards\CardBtns.tsx
FNF:0
FNH:0
LF:0
LH:0
BRF:0
BRH:0
end_of_record
TN:
SF:src\components\cards\CardImg.tsx
FN:4,CardImg
FNF:1
FNH:1
FNDA:894,CardImg
DA:5,894
DA:6,894
LF:2
LH:2
BRDA:9,0,0,894
BRDA:9,0,1,0
BRF:2
BRH:1
end_of_record
TN:
SF:src\components\cards\CardInfo.tsx
FNF:0
FNH:0
LF:0
LH:0
BRF:0
BRH:0
end_of_record
TN:
SF:src\components\cards\CardList.tsx
FN:7,CardList
FN:8,(anonymous_1)
FN:17,(anonymous_2)
FNF:3
FNH:3
FNDA:330,CardList
FNDA:697,(anonymous_1)
FNDA:1039,(anonymous_2)
DA:8,330
DA:9,632
DA:11,302
DA:12,330
DA:13,96
DA:15,83
DA:18,881
LF:7
LH:7
BRDA:12,0,0,262
BRDA:12,1,0,302
BRDA:12,1,1,174
BRDA:13,2,0,85
BRDA:13,3,0,161
BRDA:13,3,1,113
BRF:6
BRH:6
end_of_record
TN:
SF:src\components\cards\CardName.tsx
FNF:0
FNH:0
LF:0
LH:0
BRF:0
BRH:0
end_of_record
TN:
SF:src\components\form\FormCard.tsx
FN:5,FormCard
FNF:1
FNH:1
FNDA:41,FormCard
DA:6,41
DA:7,41
LF:2
LH:2
BRDA:14,0,0,41
BRDA:14,0,1,0
BRF:2
BRH:1
end_of_record
TN:
SF:src\components\form\FormCardList.tsx
FN:5,FormCardList
FN:9,(anonymous_1)
FNF:2
FNH:2
FNDA:80,FormCardList
FNDA:29,(anonymous_1)
DA:6,80
DA:7,80
DA:10,13
LF:3
LH:3
BRF:0
BRH:0
end_of_record
TN:
SF:src\components\form\FormComponentHook.tsx
FN:13,FormComponentHook
FN:23,createValidationObject
FN:35,onSubmit
FN:38,(anonymous_3)
FN:51,(anonymous_4)
FN:67,(anonymous_5)
FN:80,(anonymous_6)
FN:99,(anonymous_7)
FNF:8
FNH:8
FNDA:106,FormComponentHook
FNDA:37,createValidationObject
FNDA:17,onSubmit
FNDA:4,(anonymous_3)
FNDA:13,(anonymous_4)
FNDA:17,(anonymous_5)
FNDA:30,(anonymous_6)
FNDA:21,(anonymous_7)
DA:14,106
DA:15,106
DA:21,78
DA:24,41
DA:36,41
DA:37,41
DA:38,41
DA:39,28
DA:41,41
DA:44,102
DA:51,37
DA:67,37
DA:80,50
DA:99,17
LF:14
LH:14
BRDA:54,0,0,106
BRDA:54,0,1,13
BRDA:70,1,0,78
BRDA:70,1,1,41
BRDA:87,2,0,102
BRDA:87,2,1,17
BRDA:102,3,0,102
BRDA:102,3,1,17
BRDA:131,4,0,102
BRDA:131,4,1,17
BRDA:144,5,0,102
BRDA:144,5,1,17
BRDA:151,6,0,102
BRDA:151,6,1,17
BRF:14
BRH:14
end_of_record
TN:
SF:src\components\form\formCard.test.tsx
FNF:0
FNH:0
LF:0
LH:0
BRF:0
BRH:0
end_of_record
TN:
SF:src\components\form\formCardList.test.tsx
FNF:0
FNH:0
LF:0
LH:0
BRF:0
BRH:0
end_of_record
TN:
SF:src\components\form\formComponentHook.test.tsx
FNF:0
FNH:0
LF:0
LH:0
BRF:0
BRH:0
end_of_record
TN:
SF:src\components\form\validationFunctions.test.tsx
FNF:0
FNH:0
LF:0
LH:0
BRF:0
BRH:0
end_of_record
TN:
SF:src\components\form\validationFunctions.tsx
FN:1,(anonymous_0)
FN:9,(anonymous_1)
FN:23,(anonymous_2)
FN:27,(anonymous_3)
FNF:4
FNH:4
FNDA:17,(anonymous_0)
FNDA:17,(anonymous_1)
FNDA:34,(anonymous_2)
FNDA:17,(anonymous_3)
DA:1,119
DA:2,17
DA:3,0
DA:5,17
DA:6,17
DA:9,119
DA:10,17
DA:11,0
DA:13,17
DA:14,17
DA:19,17
DA:20,17
DA:23,119
DA:24,34
DA:27,119
DA:28,17
LF:16
LH:14
BRDA:2,0,0,0
BRDA:2,0,1,0
BRDA:10,1,0,0
BRDA:10,1,1,0
BRF:4
BRH:0
end_of_record
TN:
SF:src\components\modal\Modal.tsx
FN:4,Modal2
FNF:1
FNH:1
FNDA:28,Modal2
DA:4,119
DA:5,28
DA:6,0
LF:3
LH:2
BRF:0
BRH:0
end_of_record
TN:
SF:src\components\modal\ModalCard.tsx
FN:6,ModalCard2
FN:11,(anonymous_1)
FN:16,onModal
FN:51,(anonymous_3)
FNF:4
FNH:1
FNDA:28,ModalCard2
FNDA:0,(anonymous_1)
FNDA:0,onModal
FNDA:0,(anonymous_3)
DA:6,119
DA:10,28
DA:11,0
DA:12,28
DA:13,28
DA:17,28
DA:18,28
DA:21,28
DA:22,28
DA:23,0
DA:51,0
LF:11
LH:8
BRDA:21,0,0,28
BRDA:22,1,0,0
BRDA:22,2,0,0
BRDA:22,2,1,0
BRDA:36,3,0,0
BRDA:36,3,1,0
BRF:6
BRH:1
end_of_record
TN:
SF:src\pages\AboutUs.tsx
FN:3,AboutUs
FNF:1
FNH:1
FNDA:28,AboutUs
DA:4,28
LF:1
LH:1
BRF:0
BRH:0
end_of_record
TN:
SF:src\pages\Error.tsx
FN:5,Error
FNF:1
FNH:1
FNDA:28,Error
DA:6,28
LF:1
LH:1
BRF:0
BRH:0
end_of_record
TN:
SF:src\pages\FormPage.tsx
FN:7,FormPage
FN:8,(anonymous_1)
FNF:2
FNH:2
FNDA:80,FormPage
FNDA:94,(anonymous_1)
DA:8,80
DA:9,106
DA:12,52
LF:3
LH:3
BRF:0
BRH:0
end_of_record
TN:
SF:src\pages\Home.tsx
FN:5,Home
FNF:1
FNH:1
FNDA:80,Home
DA:6,80
LF:1
LH:1
BRF:0
BRH:0
end_of_record
TN:
SF:src\pages\aboutUs.test.tsx
FNF:0
FNH:0
LF:0
LH:0
BRF:0
BRH:0
end_of_record
TN:
SF:src\pages\error.test.tsx
FNF:0
FNH:0
LF:0
LH:0
BRF:0
BRH:0
end_of_record
TN:
SF:src\redux\apiSlice.tsx
FN:6,(anonymous_0)
FN:8,(anonymous_1)
FN:11,(anonymous_2)
FNF:3
FNH:2
FNDA:119,(anonymous_0)
FNDA:0,(anonymous_1)
FNDA:102,(anonymous_2)
DA:3,119
DA:6,119
DA:8,0
DA:11,102
DA:16,119
LF:5
LH:4
BRF:0
BRH:0
end_of_record
TN:
SF:src\redux\formReducer.tsx
FN:12,(anonymous_0)
FNF:1
FNH:1
FNDA:17,(anonymous_0)
DA:4,119
DA:8,119
DA:13,17
DA:21,119
LF:4
LH:4
BRF:0
BRH:0
end_of_record
TN:
SF:src\redux\searchReducer.tsx
FN:7,(anonymous_0)
FNF:1
FNH:1
FNDA:34,(anonymous_0)
DA:3,119
DA:8,34
DA:13,119
LF:3
LH:3
BRF:0
BRH:0
end_of_record
TN:
SF:src\redux\store.tsx
FN:15,(anonymous_0)
FNF:1
FNH:1
FNDA:119,(anonymous_0)
DA:7,119
DA:13,119
DA:16,119
DA:19,119
LF:4
LH:4
BRF:0
BRH:0
end_of_record
TN:
SF:src\test\setup.ts
FNF:0
FNH:0
LF:0
LH:0
BRF:0
BRH:0
end_of_record
TN:
SF:src\types\types.tsx
FNF:0
FNH:0
LF:0
LH:0
BRF:0
BRH:0
end_of_record
